

*******************************************************************************
Sun Jul 13 18:52:36 2025


FIT:    data read from 'QR_factorize_time.txt' using 1:2
        format = x:z
        #datapoints = 21
        residuals are weighted equally (unit weight)

function used for fitting: f(x)
	f(x) = a * x**3
fitted parameters initialized with current variable values

iter      chisq       delta/lim  lambda   a            
   0 1.9644436136e-01   0.00e+00  1.27e-01    2.300000e-09
   3 1.4439044568e-03  -6.32e-03  1.27e-04    4.046513e-09

After 3 iterations the fit converged.
final sum of squares of residuals : 0.0014439
rel. change during last iteration : -6.3212e-08

degrees of freedom    (FIT_NDF)                        : 20
rms of residuals      (FIT_STDFIT) = sqrt(WSSR/ndf)    : 0.00849678
variance of residuals (reduced chisquare) = WSSR/ndf   : 7.21952e-05

Final set of parameters            Asymptotic Standard Error
=======================            ==========================
a               = 4.04651e-09      +/- 3.361e-11    (0.8305%)
