

*******************************************************************************
Mon Jun  2 18:06:48 2025


FIT:    data read from 'number_of_operations.txt' using 1:2
        format = x:z
        #datapoints = 10
        residuals are weighted equally (unit weight)

function used for fitting: f(x)
	f(n) = a * n**3
fitted parameters initialized with current variable values

iter      chisq       delta/lim  lambda   a            
   0 6.7358837917e+12   0.00e+00  8.21e+05    1.000000e+00
   5 6.3236693677e-04  -6.86e-11  8.21e+00    8.968995e-08

After 5 iterations the fit converged.
final sum of squares of residuals : 0.000632367
rel. change during last iteration : -6.85806e-16

degrees of freedom    (FIT_NDF)                        : 9
rms of residuals      (FIT_STDFIT) = sqrt(WSSR/ndf)    : 0.0083823
variance of residuals (reduced chisquare) = WSSR/ndf   : 7.0263e-05

Final set of parameters            Asymptotic Standard Error
=======================            ==========================
a               = 8.969e-08        +/- 3.23e-09     (3.601%)


*******************************************************************************
Mon Jun  2 18:10:42 2025


FIT:    data read from 'number_of_operations.txt' using 1:2
        format = x:z
        #datapoints = 10
        residuals are weighted equally (unit weight)

function used for fitting: f(x)
	f(n) = a * n**3
fitted parameters initialized with current variable values

iter      chisq       delta/lim  lambda   a            
   0 6.7358837917e+12   0.00e+00  8.21e+05    1.000000e+00
   5 6.3236693677e-04  -6.86e-11  8.21e+00    8.968995e-08

After 5 iterations the fit converged.
final sum of squares of residuals : 0.000632367
rel. change during last iteration : -6.85806e-16

degrees of freedom    (FIT_NDF)                        : 9
rms of residuals      (FIT_STDFIT) = sqrt(WSSR/ndf)    : 0.0083823
variance of residuals (reduced chisquare) = WSSR/ndf   : 7.0263e-05

Final set of parameters            Asymptotic Standard Error
=======================            ==========================
a               = 8.969e-08        +/- 3.23e-09     (3.601%)


*******************************************************************************
Mon Jun  2 18:11:04 2025


FIT:    data read from 'number_of_operations.txt' using 1:2
        format = x:z
        #datapoints = 10
        residuals are weighted equally (unit weight)

function used for fitting: f(x)
	f(n) = a * n**3
fitted parameters initialized with current variable values

iter      chisq       delta/lim  lambda   a            
   0 6.7358837917e+12   0.00e+00  8.21e+05    1.000000e+00
   5 6.3236693677e-04  -6.86e-11  8.21e+00    8.968995e-08

After 5 iterations the fit converged.
final sum of squares of residuals : 0.000632367
rel. change during last iteration : -6.85806e-16

degrees of freedom    (FIT_NDF)                        : 9
rms of residuals      (FIT_STDFIT) = sqrt(WSSR/ndf)    : 0.0083823
variance of residuals (reduced chisquare) = WSSR/ndf   : 7.0263e-05

Final set of parameters            Asymptotic Standard Error
=======================            ==========================
a               = 8.969e-08        +/- 3.23e-09     (3.601%)


*******************************************************************************
Mon Jun  2 18:12:57 2025


FIT:    data read from 'number_of_operations.txt' using 1:2
        format = x:z
        #datapoints = 10
        residuals are weighted equally (unit weight)

function used for fitting: f(x)
	f(n) = a * n**3
fitted parameters initialized with current variable values

iter      chisq       delta/lim  lambda   a            
   0 6.7358837917e+12   0.00e+00  8.21e+05    1.000000e+00
   5 6.3236693677e-04  -6.86e-11  8.21e+00    8.968995e-08

After 5 iterations the fit converged.
final sum of squares of residuals : 0.000632367
rel. change during last iteration : -6.85806e-16

degrees of freedom    (FIT_NDF)                        : 9
rms of residuals      (FIT_STDFIT) = sqrt(WSSR/ndf)    : 0.0083823
variance of residuals (reduced chisquare) = WSSR/ndf   : 7.0263e-05

Final set of parameters            Asymptotic Standard Error
=======================            ==========================
a               = 8.969e-08        +/- 3.23e-09     (3.601%)


*******************************************************************************
Mon Jun  2 18:29:35 2025


FIT:    data read from 'number_of_operations.txt' using 1:2
        format = x:z
        #datapoints = 10
        residuals are weighted equally (unit weight)

function used for fitting: f(x)
	f(n) = a * n**3
fitted parameters initialized with current variable values

iter      chisq       delta/lim  lambda   a            
   0 6.7358836767e+12   0.00e+00  8.21e+05    1.000000e+00
   5 6.1677201933e-04  -7.03e-11  8.21e+00    9.822508e-08

After 5 iterations the fit converged.
final sum of squares of residuals : 0.000616772
rel. change during last iteration : -7.03146e-16

degrees of freedom    (FIT_NDF)                        : 9
rms of residuals      (FIT_STDFIT) = sqrt(WSSR/ndf)    : 0.0082783
variance of residuals (reduced chisquare) = WSSR/ndf   : 6.85302e-05

Final set of parameters            Asymptotic Standard Error
=======================            ==========================
a               = 9.82251e-08      +/- 3.19e-09     (3.247%)


*******************************************************************************
Mon Jun  2 18:35:52 2025


FIT:    data read from 'number_of_operations.txt' using 1:2
        format = x:z
        #datapoints = 10
        residuals are weighted equally (unit weight)

function used for fitting: f(x)
	f(n) = a * n**3
fitted parameters initialized with current variable values

iter      chisq       delta/lim  lambda   a            
   0 6.7358837422e+12   0.00e+00  8.21e+05    1.000000e+00
   5 4.3159233570e-04  -2.51e-11  8.21e+00    9.336413e-08

After 5 iterations the fit converged.
final sum of squares of residuals : 0.000431592
rel. change during last iteration : -2.5121e-16

degrees of freedom    (FIT_NDF)                        : 9
rms of residuals      (FIT_STDFIT) = sqrt(WSSR/ndf)    : 0.00692493
variance of residuals (reduced chisquare) = WSSR/ndf   : 4.79547e-05

Final set of parameters            Asymptotic Standard Error
=======================            ==========================
a               = 9.33641e-08      +/- 2.668e-09    (2.858%)
