

*******************************************************************************
Tue May 20 00:24:17 2025


FIT:    data read from 'timing.txt' using 1:($2*1000)
        format = x:z
        #datapoints = 30
        residuals are weighted equally (unit weight)

function used for fitting: f(x)
	f(x) = a * x**3
fitted parameters initialized with current variable values

iter      chisq       delta/lim  lambda   a            
   0 3.5009113035e+15   0.00e+00  1.08e+07    1.000000e+00
   4 1.9679823661e+01  -2.28e-02  1.08e+03    2.843745e-06

After 4 iterations the fit converged.
final sum of squares of residuals : 19.6798
rel. change during last iteration : -2.28381e-07

degrees of freedom    (FIT_NDF)                        : 29
rms of residuals      (FIT_STDFIT) = sqrt(WSSR/ndf)    : 0.823781
variance of residuals (reduced chisquare) = WSSR/ndf   : 0.678615

Final set of parameters            Asymptotic Standard Error
=======================            ==========================
a               = 2.84374e-06      +/- 1.392e-08    (0.4896%)
