

*******************************************************************************
Tue Jun 10 21:23:24 2025


FIT:    data read from 'number_of_operations.txt' using 1:2
        format = x:z
        #datapoints = 10
        residuals are weighted equally (unit weight)

function used for fitting: f(x)
	f(n) = a * n**3
fitted parameters initialized with current variable values

iter      chisq       delta/lim  lambda   a            
   0 6.7358817443e+12   0.00e+00  8.21e+05    1.000000e+00
   5 4.5071880269e-03  -1.92e-11  8.21e+01    2.416706e-07

After 5 iterations the fit converged.
final sum of squares of residuals : 0.00450719
rel. change during last iteration : -1.9244e-16

degrees of freedom    (FIT_NDF)                        : 9
rms of residuals      (FIT_STDFIT) = sqrt(WSSR/ndf)    : 0.0223785
variance of residuals (reduced chisquare) = WSSR/ndf   : 0.000500799

Final set of parameters            Asymptotic Standard Error
=======================            ==========================
a               = 2.41671e-07      +/- 8.623e-09    (3.568%)
