

*******************************************************************************
Tue Jun 10 19:04:55 2025


FIT:    data read from 'number_of_operations.txt' using 1:2
        format = x:z
        #datapoints = 10
        residuals are weighted equally (unit weight)

function used for fitting: f(x)
	f(n) = a * n**3
fitted parameters initialized with current variable values

iter      chisq       delta/lim  lambda   a            
   0 6.7358838226e+12   0.00e+00  8.21e+05    1.000000e+00
   5 2.2627939335e-04  -5.99e-11  8.21e+00    8.740085e-08

After 5 iterations the fit converged.
final sum of squares of residuals : 0.000226279
rel. change during last iteration : -5.98929e-16

degrees of freedom    (FIT_NDF)                        : 9
rms of residuals      (FIT_STDFIT) = sqrt(WSSR/ndf)    : 0.0050142
variance of residuals (reduced chisquare) = WSSR/ndf   : 2.51422e-05

Final set of parameters            Asymptotic Standard Error
=======================            ==========================
a               = 8.74008e-08      +/- 1.932e-09    (2.21%)
