

*******************************************************************************
Sat May  3 19:01:46 2025


FIT:    data read from 'timing.txt' using 1:2
        format = x:z
        #datapoints = 100
        residuals are weighted equally (unit weight)

function used for fitting: f(x)
	f(x) = a * x**3
fitted parameters initialized with current variable values

iter      chisq       delta/lim  lambda   a            
   0 1.6445187776e+15   0.00e+00  1.22e+07    1.000000e+00
   5 3.5226925219e-02  -1.97e-11  1.22e+02    6.452685e-09

After 5 iterations the fit converged.
final sum of squares of residuals : 0.0352269
rel. change during last iteration : -1.96977e-16

degrees of freedom    (FIT_NDF)                        : 10
rms of residuals      (FIT_STDFIT) = sqrt(WSSR/ndf)    : 0.0593523
variance of residuals (reduced chisquare) = WSSR/ndf   : 0.00352269

Final set of parameters            Asymptotic Standard Error
=======================            ==========================
a               = 6.45269e-09      +/- 1.464e-09    (22.68%)


*******************************************************************************
Sat May  3 19:14:22 2025


FIT:    data read from 'timing.txt' using 1:2
        format = x:z
        #datapoints = 11
        residuals are weighted equally (unit weight)

function used for fitting: f(x)
	f(x) = a * x**3
fitted parameters initialized with current variable values

iter      chisq       delta/lim  lambda   a            
   0 1.6445187776e+15   0.00e+00  1.22e+07    1.000000e+00
   5 3.5226925219e-02  -1.97e-11  1.22e+02    6.452685e-09

After 5 iterations the fit converged.
final sum of squares of residuals : 0.0352269
rel. change during last iteration : -1.96977e-16

degrees of freedom    (FIT_NDF)                        : 10
rms of residuals      (FIT_STDFIT) = sqrt(WSSR/ndf)    : 0.0593523
variance of residuals (reduced chisquare) = WSSR/ndf   : 0.00352269

Final set of parameters            Asymptotic Standard Error
=======================            ==========================
a               = 6.45269e-09      +/- 1.464e-09    (22.68%)


*******************************************************************************
Sat May  3 19:19:59 2025


FIT:    data read from 'timing.txt' using 1:2
        format = x:z
        #datapoints = 11
        residuals are weighted equally (unit weight)

function used for fitting: f(x)
	f(x) = a * x**3
fitted parameters initialized with current variable values

iter      chisq       delta/lim  lambda   a            
   0 1.6445187776e+15   0.00e+00  1.22e+07    1.000000e+00
   5 3.5226925219e-02  -1.97e-11  1.22e+02    6.452685e-09

After 5 iterations the fit converged.
final sum of squares of residuals : 0.0352269
rel. change during last iteration : -1.96977e-16

degrees of freedom    (FIT_NDF)                        : 10
rms of residuals      (FIT_STDFIT) = sqrt(WSSR/ndf)    : 0.0593523
variance of residuals (reduced chisquare) = WSSR/ndf   : 0.00352269

Final set of parameters            Asymptotic Standard Error
=======================            ==========================
a               = 6.45269e-09      +/- 1.464e-09    (22.68%)


*******************************************************************************
Sat May  3 19:46:54 2025


FIT:    data read from 'timing.txt' using 1:2
        format = x:z
        #datapoints = 300
        residuals are weighted equally (unit weight)

function used for fitting: f(x)
	f(x) = a * x**3
fitted parameters initialized with current variable values

iter      chisq       delta/lim  lambda   a            
   0 3.1608571769e+16   0.00e+00  1.03e+07    1.000000e+00
   4 4.3363412899e-01  -9.93e-06  1.03e+03    5.843890e-09

After 4 iterations the fit converged.
final sum of squares of residuals : 0.433634
rel. change during last iteration : -9.93192e-11

degrees of freedom    (FIT_NDF)                        : 299
rms of residuals      (FIT_STDFIT) = sqrt(WSSR/ndf)    : 0.0380826
variance of residuals (reduced chisquare) = WSSR/ndf   : 0.00145028

Final set of parameters            Asymptotic Standard Error
=======================            ==========================
a               = 5.84389e-09      +/- 2.142e-10    (3.665%)
