

*******************************************************************************
Thu Jun 12 18:15:40 2025


FIT:    data read from "Rutherford_and_Soddys_ThX_log.txt" using 1:2
        format = x:z
        #datapoints = 9
        residuals are weighted equally (unit weight)

function used for fitting: f(x)
fitted parameters initialized with current variable values



*******************************************************************************
Thu Jun 12 18:42:20 2025


FIT:    data read from "Rutherford_and_Soddys_ThX_log.txt" using 1:2
        format = x:z
        #datapoints = 9
        residuals are weighted equally (unit weight)

function used for fitting: f(x)
fitted parameters initialized with current variable values



*******************************************************************************
Thu Jun 19 20:44:14 2025


FIT:    data read from "Rutherford_and_Soddys_ThX_log.txt" using 1:2
        format = x:z
        #datapoints = 9
        residuals are weighted equally (unit weight)

function used for fitting: f(x)
fitted parameters initialized with current variable values



*******************************************************************************
Thu Jun 19 20:56:45 2025


FIT:    data read from "Rutherford_and_Soddys_ThX_log.txt" using 1:2
        format = x:z
        #datapoints = 9
        residuals are weighted equally (unit weight)

function used for fitting: f(x)
fitted parameters initialized with current variable values



*******************************************************************************
Thu Jun 19 21:13:13 2025


FIT:    data read from "Rutherford_and_Soddys_ThX_log.txt" using 1:2
        format = x:z
        #datapoints = 9
        residuals are weighted equally (unit weight)

function used for fitting: f(x)
fitted parameters initialized with current variable values



*******************************************************************************
Thu Jun 19 21:23:37 2025


FIT:    data read from "Rutherford_and_Soddys_ThX_log.txt" using 1:2
        format = x:z
        #datapoints = 9
        residuals are weighted equally (unit weight)

function used for fitting: f(x)
fitted parameters initialized with current variable values



*******************************************************************************
Thu Jun 19 21:23:47 2025


FIT:    data read from "Rutherford_and_Soddys_ThX_log.txt" using 1:2
        format = x:z
        #datapoints = 9
        residuals are weighted equally (unit weight)

function used for fitting: f(x)
fitted parameters initialized with current variable values



*******************************************************************************
Thu Jun 19 21:59:54 2025


FIT:    data read from "Rutherford_and_Soddys_ThX_log.txt" using 1:2
        format = x:z
        #datapoints = 9
        residuals are weighted equally (unit weight)

function used for fitting: f(x)
fitted parameters initialized with current variable values



*******************************************************************************
Thu Jun 19 22:03:48 2025


FIT:    data read from "Rutherford_and_Soddys_ThX_log.txt" using 1:2
        format = x:z
        #datapoints = 9
        residuals are weighted equally (unit weight)

function used for fitting: f(x)
fitted parameters initialized with current variable values



*******************************************************************************
Thu Jun 19 22:12:06 2025


FIT:    data read from "Rutherford_and_Soddys_ThX_log.txt" using 1:2
        format = x:z
        #datapoints = 9
        residuals are weighted equally (unit weight)

function used for fitting: f(x)
fitted parameters initialized with current variable values



*******************************************************************************
Thu Jun 19 22:19:45 2025


FIT:    data read from "Rutherford_and_Soddys_ThX_log.txt" using 1:2
        format = x:z
        #datapoints = 9
        residuals are weighted equally (unit weight)

function used for fitting: f(x)
fitted parameters initialized with current variable values



*******************************************************************************
Thu Jun 19 22:20:25 2025


FIT:    data read from "Rutherford_and_Soddys_ThX_log.txt" using 1:2
        format = x:z
        #datapoints = 9
        residuals are weighted equally (unit weight)

function used for fitting: f(x)
fitted parameters initialized with current variable values



*******************************************************************************
Thu Jun 19 22:21:36 2025


FIT:    data read from "Rutherford_and_Soddys_ThX_log.txt" using 1:2
        format = x:z
        #datapoints = 9
        residuals are weighted equally (unit weight)

function used for fitting: f(x)
fitted parameters initialized with current variable values



*******************************************************************************
Thu Jun 19 22:22:35 2025


FIT:    data read from "Rutherford_and_Soddys_ThX_log.txt" using 1:2
        format = x:z
        #datapoints = 9
        residuals are weighted equally (unit weight)

function used for fitting: f(x)
fitted parameters initialized with current variable values



*******************************************************************************
Thu Jun 19 22:23:56 2025


FIT:    data read from "Rutherford_and_Soddys_ThX_log.txt" using 1:2
        format = x:z
        #datapoints = 9
        residuals are weighted equally (unit weight)

function used for fitting: f(x)
fitted parameters initialized with current variable values



*******************************************************************************
Thu Jun 19 23:34:31 2025


FIT:    data read from "Rutherford_and_Soddys_ThX_log.txt" using 1:2
        format = x:z
        #datapoints = 9
        residuals are weighted equally (unit weight)

function used for fitting: f(x)
fitted parameters initialized with current variable values



*******************************************************************************
Thu Jun 19 23:35:50 2025


FIT:    data read from "Rutherford_and_Soddys_ThX_log.txt" using 1:2
        format = x:z
        #datapoints = 9
        residuals are weighted equally (unit weight)

function used for fitting: f(x)
fitted parameters initialized with current variable values

