

*******************************************************************************
Thu May 22 16:51:36 2025


FIT:    data read from 'timing.txt' using 1:2
        format = x:z
        #datapoints = 7
        residuals are weighted equally (unit weight)

function used for fitting: f(x)
	f(x) = a * x**3
fitted parameters initialized with current variable values

iter      chisq       delta/lim  lambda   a            
   0 4.4696299733e+17   0.00e+00  2.53e+08    1.000000e+00
   5 1.7983860543e-01  -3.29e-08  2.53e+03    2.987630e-09

After 5 iterations the fit converged.
final sum of squares of residuals : 0.179839
rel. change during last iteration : -3.28736e-13

degrees of freedom    (FIT_NDF)                        : 6
rms of residuals      (FIT_STDFIT) = sqrt(WSSR/ndf)    : 0.173127
variance of residuals (reduced chisquare) = WSSR/ndf   : 0.0299731

Final set of parameters            Asymptotic Standard Error
=======================            ==========================
a               = 2.98763e-09      +/- 2.59e-10     (8.668%)
